[debug] [2021-04-24T05:24:06.533Z] ----------------------------------------------------------------------
[debug] [2021-04-24T05:24:06.535Z] Command:       C:\Program Files\nodejs\node.exe C:\Users\Praveen\AppData\Roaming\npm\node_modules\firebase-tools\lib\bin\firebase.js emulators:start
[debug] [2021-04-24T05:24:06.535Z] CLI Version:   9.10.0
[debug] [2021-04-24T05:24:06.535Z] Platform:      win32
[debug] [2021-04-24T05:24:06.535Z] Node Version:  v14.15.3
[debug] [2021-04-24T05:24:06.536Z] Time:          Sat Apr 24 2021 10:54:06 GMT+0530 (India Standard Time)
[debug] [2021-04-24T05:24:06.536Z] ----------------------------------------------------------------------
[debug] 
[debug] [2021-04-24T05:24:06.543Z] > command requires scopes: ["email","openid","https://www.googleapis.com/auth/cloudplatformprojects.readonly","https://www.googleapis.com/auth/firebase","https://www.googleapis.com/auth/cloud-platform"]
[debug] [2021-04-24T05:24:06.544Z] > authorizing via signed-in user (praveen588@sasi.ac.in)
[info] i  emulators: Starting emulators: functions, hosting {"metadata":{"emulator":{"name":"hub"},"message":"Starting emulators: functions, hosting"}}
[debug] [2021-04-24T05:24:06.567Z] [hub] writing locator at C:\Users\Praveen\AppData\Local\Temp\hub-auth-app-e4978.json
[warn] !  functions: The following emulators are not running, calls to these services from the Functions emulator will affect production: auth, firestore, database, pubsub {"metadata":{"emulator":{"name":"functions"},"message":"The following emulators are not running, calls to these services from the Functions emulator will affect production: \u001b[1mauth, firestore, database, pubsub\u001b[22m"}}
[warn] !  Your requested "node" version "12" doesn't match your global version "14" {"metadata":{"emulator":{"name":"functions"},"message":"Your requested \"node\" version \"12\" doesn't match your global version \"14\""}}
[debug] [2021-04-24T05:24:06.746Z] defaultcredentials: writing to file C:\Users\Praveen\AppData\Roaming\firebase\praveen588_sasi_ac.in_application_default_credentials.json
[debug] [2021-04-24T05:24:06.750Z] Setting GAC to C:\Users\Praveen\AppData\Roaming\firebase\praveen588_sasi_ac.in_application_default_credentials.json {"metadata":{"emulator":{"name":"functions"},"message":"Setting GAC to C:\\Users\\Praveen\\AppData\\Roaming\\firebase\\praveen588_sasi_ac.in_application_default_credentials.json"}}
[debug] [2021-04-24T05:24:06.754Z] > refreshing access token with scopes: []
[debug] [2021-04-24T05:24:06.755Z] >>> HTTP REQUEST POST https://www.googleapis.com/oauth2/v3/token  
 <request body omitted>
[debug] [2021-04-24T05:24:07.174Z] <<< HTTP RESPONSE 200 {"expires":"Mon, 01 Jan 1990 00:00:00 GMT","date":"Sat, 24 Apr 2021 05:24:07 GMT","cache-control":"no-cache, no-store, max-age=0, must-revalidate","pragma":"no-cache","content-type":"application/json; charset=utf-8","vary":"X-Origin, Referer, Origin,Accept-Encoding","server":"scaffolding on HTTPServer2","x-xss-protection":"0","x-frame-options":"SAMEORIGIN","x-content-type-options":"nosniff","alt-svc":"h3-29=\":443\"; ma=2592000,h3-T051=\":443\"; ma=2592000,h3-Q050=\":443\"; ma=2592000,h3-Q046=\":443\"; ma=2592000,h3-Q043=\":443\"; ma=2592000,quic=\":443\"; ma=2592000; v=\"46,43\"","accept-ranges":"none","transfer-encoding":"chunked"}
[debug] [2021-04-24T05:24:07.203Z] >>> [apiv2][query] GET https://firebase.googleapis.com/v1beta1/projects/auth-app-e4978/adminSdkConfig [none]
[debug] [2021-04-24T05:24:08.027Z] <<< [apiv2][status] GET https://firebase.googleapis.com/v1beta1/projects/auth-app-e4978/adminSdkConfig 403
[debug] [2021-04-24T05:24:08.027Z] <<< [apiv2][body] GET https://firebase.googleapis.com/v1beta1/projects/auth-app-e4978/adminSdkConfig {"error":{"code":403,"message":"The caller does not have permission","status":"PERMISSION_DENIED"}}
[debug] [2021-04-24T05:24:08.028Z] Failed to get Admin SDK config for auth-app-e4978, falling back to cache Failed to get Admin SDK for Firebase project auth-app-e4978. Please make sure the project exists and your account has permission to access it. {"name":"FirebaseError","children":[],"exit":2,"message":"Failed to get Admin SDK for Firebase project auth-app-e4978. Please make sure the project exists and your account has permission to access it.","original":{"name":"FirebaseError","children":[],"context":{"body":{"error":{"code":403,"message":"The caller does not have permission","status":"PERMISSION_DENIED"}},"response":{"statusCode":403}},"exit":1,"message":"HTTP Error: 403, The caller does not have permission","status":403},"status":500}
[warn] !  functions: Unable to fetch project Admin SDK configuration, Admin SDK behavior in Cloud Functions emulator may be incorrect. {"metadata":{"emulator":{"name":"functions"},"message":"Unable to fetch project Admin SDK configuration, Admin SDK behavior in Cloud Functions emulator may be incorrect."}}
[debug] [2021-04-24T05:24:08.034Z] >>> [apiv2][query] GET https://firebase.googleapis.com/v1beta1/projects/auth-app-e4978/webApps/-/config [none]
[debug] [2021-04-24T05:24:08.668Z] <<< [apiv2][status] GET https://firebase.googleapis.com/v1beta1/projects/auth-app-e4978/webApps/-/config 403
[debug] [2021-04-24T05:24:08.668Z] <<< [apiv2][body] GET https://firebase.googleapis.com/v1beta1/projects/auth-app-e4978/webApps/-/config {"error":{"code":403,"message":"The caller does not have permission","status":"PERMISSION_DENIED"}}
[debug] [2021-04-24T05:24:08.668Z] fetchWebSetup error: FirebaseError: HTTP Error: 403, The caller does not have permission
[warn] !  hosting: Authentication error when trying to fetch your current web app configuration, have you run firebase login? 
[warn] !  hosting: Could not fetch web app configuration and there is no cached configuration on this machine. Check your internet connection and make sure you are authenticated. To continue, you must call firebase.initializeApp({...}) in your code before using Firebase. 
[info] i  hosting: Serving hosting files from: dist {"metadata":{"emulator":{"name":"hosting"},"message":"Serving hosting files from: \u001b[1mdist\u001b[22m"}}
[info] +  hosting: Local server: http://localhost:5000 {"metadata":{"emulator":{"name":"hosting"},"message":"Local server: \u001b[4m\u001b[1mhttp://localhost:5000\u001b[22m\u001b[24m"}}
[debug] [2021-04-24T05:24:08.973Z] Ignoring unsupported arg: auto_download {"metadata":{"emulator":{"name":"ui"},"message":"Ignoring unsupported arg: auto_download"}}
[debug] [2021-04-24T05:24:08.974Z] Ignoring unsupported arg: port {"metadata":{"emulator":{"name":"ui"},"message":"Ignoring unsupported arg: port"}}
[debug] [2021-04-24T05:24:08.974Z] Starting Emulator UI with command {"binary":"node","args":["C:\\Users\\Praveen\\.cache\\firebase\\emulators\\ui-v1.4.2\\server.bundle.js"],"optionalArgs":[],"joinArgs":false} {"metadata":{"emulator":{"name":"ui"},"message":"Starting Emulator UI with command {\"binary\":\"node\",\"args\":[\"C:\\\\Users\\\\Praveen\\\\.cache\\\\firebase\\\\emulators\\\\ui-v1.4.2\\\\server.bundle.js\"],\"optionalArgs\":[],\"joinArgs\":false}"}}
[info] i  ui: Emulator UI logging to ui-debug.log {"metadata":{"emulator":{"name":"ui"},"message":"Emulator UI logging to \u001b[1mui-debug.log\u001b[22m"}}
[debug] [2021-04-24T05:24:09.083Z] Web / API server started at http://localhost:4000
 {"metadata":{"emulator":{"name":"ui"},"message":"Web / API server started at http://localhost:4000\n"}}
[info] i  functions: Watching "E:\REACT-PROJECTS\React-auth\authentication\functions" for Cloud Functions... {"metadata":{"emulator":{"name":"functions"},"message":"Watching \"E:\\REACT-PROJECTS\\React-auth\\authentication\\functions\" for Cloud Functions..."}}
[debug] [2021-04-24T05:24:09.259Z] [worker-pool] addWorker(~diagnostic~) {"metadata":{"emulator":{"name":"functions"},"message":"[worker-pool] addWorker(~diagnostic~)"}}
[debug] [2021-04-24T05:24:09.259Z] [worker-pool] Adding worker with key ~diagnostic~, total=1 {"metadata":{"emulator":{"name":"functions"},"message":"[worker-pool] Adding worker with key ~diagnostic~, total=1"}}
[debug] [2021-04-24T05:24:09.260Z] [worker-pool] submitWork(triggerId=) {"metadata":{"emulator":{"name":"functions"},"message":"[worker-pool] submitWork(triggerId=)"}}
[debug] [2021-04-24T05:24:09.260Z] [worker-~diagnostic~-9cb57ef0-682b-41a0-a815-86c54b76ff93]: Assigning socketPath: \\?\pipe\E:\REACT-PROJECTS\React-auth\authentication\functions\16900 {"metadata":{"emulator":{"name":"functions"},"message":"[worker-~diagnostic~-9cb57ef0-682b-41a0-a815-86c54b76ff93]: Assigning socketPath: \\\\?\\pipe\\E:\\REACT-PROJECTS\\React-auth\\authentication\\functions\\16900"}}
[debug] [2021-04-24T05:24:09.261Z] [worker-~diagnostic~-9cb57ef0-682b-41a0-a815-86c54b76ff93]: BUSY {"metadata":{"emulator":{"name":"functions"},"message":"[worker-~diagnostic~-9cb57ef0-682b-41a0-a815-86c54b76ff93]: BUSY"}}
[debug] [2021-04-24T05:24:09.476Z] [runtime-status] [16900] Functions runtime initialized. {"cwd":"E:\\REACT-PROJECTS\\React-auth\\authentication\\functions","node_version":"14.15.3"} {"metadata":{"emulator":{"name":"functions"},"message":"[runtime-status] [16900] Functions runtime initialized. {\"cwd\":\"E:\\\\REACT-PROJECTS\\\\React-auth\\\\authentication\\\\functions\",\"node_version\":\"14.15.3\"}"}}
[debug] [2021-04-24T05:24:09.477Z] [runtime-status] [16900] Disabled runtime features: undefined {"metadata":{"emulator":{"name":"functions"},"message":"[runtime-status] [16900] Disabled runtime features: undefined"}}
[debug] [2021-04-24T05:24:09.589Z] [runtime-status] [16900] Resolved module firebase-admin {"declared":true,"installed":true,"version":"9.6.0","resolution":"E:\\REACT-PROJECTS\\React-auth\\authentication\\functions\\node_modules\\firebase-admin\\lib\\index.js"} {"metadata":{"emulator":{"name":"functions"},"message":"[runtime-status] [16900] Resolved module firebase-admin {\"declared\":true,\"installed\":true,\"version\":\"9.6.0\",\"resolution\":\"E:\\\\REACT-PROJECTS\\\\React-auth\\\\authentication\\\\functions\\\\node_modules\\\\firebase-admin\\\\lib\\\\index.js\"}"}}
[debug] [2021-04-24T05:24:09.645Z] [runtime-status] [16900] Resolved module firebase-functions {"declared":true,"installed":true,"version":"3.13.2","resolution":"E:\\REACT-PROJECTS\\React-auth\\authentication\\functions\\node_modules\\firebase-functions\\lib\\index.js"} {"metadata":{"emulator":{"name":"functions"},"message":"[runtime-status] [16900] Resolved module firebase-functions {\"declared\":true,\"installed\":true,\"version\":\"3.13.2\",\"resolution\":\"E:\\\\REACT-PROJECTS\\\\React-auth\\\\authentication\\\\functions\\\\node_modules\\\\firebase-functions\\\\lib\\\\index.js\"}"}}
[debug] [2021-04-24T05:24:09.647Z] [runtime-status] [16900] Resolved module firebase-functions {"declared":true,"installed":true,"version":"3.13.2","resolution":"E:\\REACT-PROJECTS\\React-auth\\authentication\\functions\\node_modules\\firebase-functions\\lib\\index.js"} {"metadata":{"emulator":{"name":"functions"},"message":"[runtime-status] [16900] Resolved module firebase-functions {\"declared\":true,\"installed\":true,\"version\":\"3.13.2\",\"resolution\":\"E:\\\\REACT-PROJECTS\\\\React-auth\\\\authentication\\\\functions\\\\node_modules\\\\firebase-functions\\\\lib\\\\index.js\"}"}}
[debug] [2021-04-24T05:24:09.649Z] [runtime-status] [16900] Outgoing network have been stubbed. [{"name":"http","status":"mocked"},{"name":"http","status":"mocked"},{"name":"https","status":"mocked"},{"name":"https","status":"mocked"},{"name":"net","status":"mocked"}] {"metadata":{"emulator":{"name":"functions"},"message":"[runtime-status] [16900] Outgoing network have been stubbed. [{\"name\":\"http\",\"status\":\"mocked\"},{\"name\":\"http\",\"status\":\"mocked\"},{\"name\":\"https\",\"status\":\"mocked\"},{\"name\":\"https\",\"status\":\"mocked\"},{\"name\":\"net\",\"status\":\"mocked\"}]"}}
[debug] [2021-04-24T05:24:09.649Z] [runtime-status] [16900] Resolved module firebase-functions {"declared":true,"installed":true,"version":"3.13.2","resolution":"E:\\REACT-PROJECTS\\React-auth\\authentication\\functions\\node_modules\\firebase-functions\\lib\\index.js"} {"metadata":{"emulator":{"name":"functions"},"message":"[runtime-status] [16900] Resolved module firebase-functions {\"declared\":true,\"installed\":true,\"version\":\"3.13.2\",\"resolution\":\"E:\\\\REACT-PROJECTS\\\\React-auth\\\\authentication\\\\functions\\\\node_modules\\\\firebase-functions\\\\lib\\\\index.js\"}"}}
[debug] [2021-04-24T05:24:10.858Z] [runtime-status] [16900] Checked functions.config() {"config":{}} {"metadata":{"emulator":{"name":"functions"},"message":"[runtime-status] [16900] Checked functions.config() {\"config\":{}}"}}
[debug] [2021-04-24T05:24:10.859Z] [runtime-status] [16900] firebase-functions has been stubbed. {"functionsResolution":{"declared":true,"installed":true,"version":"3.13.2","resolution":"E:\\REACT-PROJECTS\\React-auth\\authentication\\functions\\node_modules\\firebase-functions\\lib\\index.js"}} {"metadata":{"emulator":{"name":"functions"},"message":"[runtime-status] [16900] firebase-functions has been stubbed. {\"functionsResolution\":{\"declared\":true,\"installed\":true,\"version\":\"3.13.2\",\"resolution\":\"E:\\\\REACT-PROJECTS\\\\React-auth\\\\authentication\\\\functions\\\\node_modules\\\\firebase-functions\\\\lib\\\\index.js\"}}"}}
[debug] [2021-04-24T05:24:10.860Z] [runtime-status] [16900] Resolved module firebase-functions {"declared":true,"installed":true,"version":"3.13.2","resolution":"E:\\REACT-PROJECTS\\React-auth\\authentication\\functions\\node_modules\\firebase-functions\\lib\\index.js"} {"metadata":{"emulator":{"name":"functions"},"message":"[runtime-status] [16900] Resolved module firebase-functions {\"declared\":true,\"installed\":true,\"version\":\"3.13.2\",\"resolution\":\"E:\\\\REACT-PROJECTS\\\\React-auth\\\\authentication\\\\functions\\\\node_modules\\\\firebase-functions\\\\lib\\\\index.js\"}"}}
[debug] [2021-04-24T05:24:10.861Z] [runtime-status] [16900] Resolved module firebase-admin {"declared":true,"installed":true,"version":"9.6.0","resolution":"E:\\REACT-PROJECTS\\React-auth\\authentication\\functions\\node_modules\\firebase-admin\\lib\\index.js"} {"metadata":{"emulator":{"name":"functions"},"message":"[runtime-status] [16900] Resolved module firebase-admin {\"declared\":true,\"installed\":true,\"version\":\"9.6.0\",\"resolution\":\"E:\\\\REACT-PROJECTS\\\\React-auth\\\\authentication\\\\functions\\\\node_modules\\\\firebase-admin\\\\lib\\\\index.js\"}"}}
[debug] [2021-04-24T05:24:10.862Z] [runtime-status] [16900] Resolved module firebase-functions {"declared":true,"installed":true,"version":"3.13.2","resolution":"E:\\REACT-PROJECTS\\React-auth\\authentication\\functions\\node_modules\\firebase-functions\\lib\\index.js"} {"metadata":{"emulator":{"name":"functions"},"message":"[runtime-status] [16900] Resolved module firebase-functions {\"declared\":true,\"installed\":true,\"version\":\"3.13.2\",\"resolution\":\"E:\\\\REACT-PROJECTS\\\\React-auth\\\\authentication\\\\functions\\\\node_modules\\\\firebase-functions\\\\lib\\\\index.js\"}"}}
[debug] [2021-04-24T05:24:10.862Z] [runtime-status] [16900] firebase-admin has been stubbed. {"adminResolution":{"declared":true,"installed":true,"version":"9.6.0","resolution":"E:\\REACT-PROJECTS\\React-auth\\authentication\\functions\\node_modules\\firebase-admin\\lib\\index.js"}} {"metadata":{"emulator":{"name":"functions"},"message":"[runtime-status] [16900] firebase-admin has been stubbed. {\"adminResolution\":{\"declared\":true,\"installed\":true,\"version\":\"9.6.0\",\"resolution\":\"E:\\\\REACT-PROJECTS\\\\React-auth\\\\authentication\\\\functions\\\\node_modules\\\\firebase-admin\\\\lib\\\\index.js\"}}"}}
[info] +  functions[helloWorld]: http function initialized (http://localhost:5001/auth-app-e4978/us-central1/helloWorld). {"metadata":{"emulator":{"name":"functions"},"message":"\u001b[1mhttp\u001b[22m function initialized (http://localhost:5001/auth-app-e4978/us-central1/helloWorld)."}}
[info] 
┌─────────────────────────────────────────────────────────────┐
│ ✔  All emulators ready! It is now safe to connect your app. │
│ i  View Emulator UI at http://localhost:4000                │
└─────────────────────────────────────────────────────────────┘

┌───────────┬────────────────┬─────────────────────────────────┐
│ Emulator  │ Host:Port      │ View in Emulator UI             │
├───────────┼────────────────┼─────────────────────────────────┤
│ Functions │ localhost:5001 │ http://localhost:4000/functions │
├───────────┼────────────────┼─────────────────────────────────┤
│ Hosting   │ localhost:5000 │ n/a                             │
└───────────┴────────────────┴─────────────────────────────────┘
  Emulator Hub running at localhost:4400
  Other reserved ports: 4500

Issues? Report them at https://github.com/firebase/firebase-tools/issues and attach the *-debug.log files.
 
[debug] [2021-04-24T05:24:10.880Z] [worker-~diagnostic~-9cb57ef0-682b-41a0-a815-86c54b76ff93]: IDLE {"metadata":{"emulator":{"name":"functions"},"message":"[worker-~diagnostic~-9cb57ef0-682b-41a0-a815-86c54b76ff93]: IDLE"}}
[debug] [2021-04-24T05:26:07.759Z] [work-queue] {"queueLength":1,"workRunningCount":0}
[debug] [2021-04-24T05:26:07.760Z] [work-queue] {"queueLength":0,"workRunningCount":1}
[debug] [2021-04-24T05:26:07.760Z] Accepted request GET /auth-app-e4978/us-central1/helloWorld --> helloWorld
[debug] [2021-04-24T05:26:07.774Z] [worker-pool] addWorker(helloWorld) {"metadata":{"emulator":{"name":"functions"},"message":"[worker-pool] addWorker(helloWorld)"}}
[debug] [2021-04-24T05:26:07.775Z] [worker-pool] Adding worker with key helloWorld, total=1 {"metadata":{"emulator":{"name":"functions"},"message":"[worker-pool] Adding worker with key helloWorld, total=1"}}
[debug] [2021-04-24T05:26:07.775Z] [worker-pool] submitWork(triggerId=helloWorld) {"metadata":{"emulator":{"name":"functions"},"message":"[worker-pool] submitWork(triggerId=helloWorld)"}}
[debug] [2021-04-24T05:26:07.775Z] [worker-helloWorld-22aa85f5-4fa2-4b77-9fe5-4f4f8e263a5d]: Assigning socketPath: \\?\pipe\E:\REACT-PROJECTS\React-auth\authentication\functions\11308 {"metadata":{"emulator":{"name":"functions"},"message":"[worker-helloWorld-22aa85f5-4fa2-4b77-9fe5-4f4f8e263a5d]: Assigning socketPath: \\\\?\\pipe\\E:\\REACT-PROJECTS\\React-auth\\authentication\\functions\\11308"}}
[debug] [2021-04-24T05:26:07.775Z] [worker-helloWorld-22aa85f5-4fa2-4b77-9fe5-4f4f8e263a5d]: BUSY {"metadata":{"emulator":{"name":"functions"},"message":"[worker-helloWorld-22aa85f5-4fa2-4b77-9fe5-4f4f8e263a5d]: BUSY"}}
[debug] [2021-04-24T05:26:08.195Z] [runtime-status] [11308] Functions runtime initialized. {"cwd":"E:\\REACT-PROJECTS\\React-auth\\authentication\\functions","node_version":"14.15.3"} {"metadata":{"emulator":{"name":"functions"},"function":{"name":"helloWorld"},"message":"[runtime-status] [11308] Functions runtime initialized. {\"cwd\":\"E:\\\\REACT-PROJECTS\\\\React-auth\\\\authentication\\\\functions\",\"node_version\":\"14.15.3\"}"}}
[debug] [2021-04-24T05:26:08.196Z] [runtime-status] [11308] Disabled runtime features: undefined {"metadata":{"emulator":{"name":"functions"},"function":{"name":"helloWorld"},"message":"[runtime-status] [11308] Disabled runtime features: undefined"}}
[debug] [2021-04-24T05:26:08.199Z] [runtime-status] [11308] Resolved module firebase-admin {"declared":true,"installed":true,"version":"9.6.0","resolution":"E:\\REACT-PROJECTS\\React-auth\\authentication\\functions\\node_modules\\firebase-admin\\lib\\index.js"} {"metadata":{"emulator":{"name":"functions"},"function":{"name":"helloWorld"},"message":"[runtime-status] [11308] Resolved module firebase-admin {\"declared\":true,\"installed\":true,\"version\":\"9.6.0\",\"resolution\":\"E:\\\\REACT-PROJECTS\\\\React-auth\\\\authentication\\\\functions\\\\node_modules\\\\firebase-admin\\\\lib\\\\index.js\"}"}}
[debug] [2021-04-24T05:26:08.200Z] [runtime-status] [11308] Resolved module firebase-functions {"declared":true,"installed":true,"version":"3.13.2","resolution":"E:\\REACT-PROJECTS\\React-auth\\authentication\\functions\\node_modules\\firebase-functions\\lib\\index.js"} {"metadata":{"emulator":{"name":"functions"},"function":{"name":"helloWorld"},"message":"[runtime-status] [11308] Resolved module firebase-functions {\"declared\":true,\"installed\":true,\"version\":\"3.13.2\",\"resolution\":\"E:\\\\REACT-PROJECTS\\\\React-auth\\\\authentication\\\\functions\\\\node_modules\\\\firebase-functions\\\\lib\\\\index.js\"}"}}
[debug] [2021-04-24T05:26:08.202Z] [runtime-status] [11308] Resolved module firebase-functions {"declared":true,"installed":true,"version":"3.13.2","resolution":"E:\\REACT-PROJECTS\\React-auth\\authentication\\functions\\node_modules\\firebase-functions\\lib\\index.js"} {"metadata":{"emulator":{"name":"functions"},"function":{"name":"helloWorld"},"message":"[runtime-status] [11308] Resolved module firebase-functions {\"declared\":true,\"installed\":true,\"version\":\"3.13.2\",\"resolution\":\"E:\\\\REACT-PROJECTS\\\\React-auth\\\\authentication\\\\functions\\\\node_modules\\\\firebase-functions\\\\lib\\\\index.js\"}"}}
[debug] [2021-04-24T05:26:08.203Z] [runtime-status] [11308] Outgoing network have been stubbed. [{"name":"http","status":"mocked"},{"name":"http","status":"mocked"},{"name":"https","status":"mocked"},{"name":"https","status":"mocked"},{"name":"net","status":"mocked"}] {"metadata":{"emulator":{"name":"functions"},"function":{"name":"helloWorld"},"message":"[runtime-status] [11308] Outgoing network have been stubbed. [{\"name\":\"http\",\"status\":\"mocked\"},{\"name\":\"http\",\"status\":\"mocked\"},{\"name\":\"https\",\"status\":\"mocked\"},{\"name\":\"https\",\"status\":\"mocked\"},{\"name\":\"net\",\"status\":\"mocked\"}]"}}
[debug] [2021-04-24T05:26:08.204Z] [runtime-status] [11308] Resolved module firebase-functions {"declared":true,"installed":true,"version":"3.13.2","resolution":"E:\\REACT-PROJECTS\\React-auth\\authentication\\functions\\node_modules\\firebase-functions\\lib\\index.js"} {"metadata":{"emulator":{"name":"functions"},"function":{"name":"helloWorld"},"message":"[runtime-status] [11308] Resolved module firebase-functions {\"declared\":true,\"installed\":true,\"version\":\"3.13.2\",\"resolution\":\"E:\\\\REACT-PROJECTS\\\\React-auth\\\\authentication\\\\functions\\\\node_modules\\\\firebase-functions\\\\lib\\\\index.js\"}"}}
[debug] [2021-04-24T05:26:08.247Z] [runtime-status] [11308] Checked functions.config() {"config":{}} {"metadata":{"emulator":{"name":"functions"},"function":{"name":"helloWorld"},"message":"[runtime-status] [11308] Checked functions.config() {\"config\":{}}"}}
[debug] [2021-04-24T05:26:08.247Z] [runtime-status] [11308] firebase-functions has been stubbed. {"functionsResolution":{"declared":true,"installed":true,"version":"3.13.2","resolution":"E:\\REACT-PROJECTS\\React-auth\\authentication\\functions\\node_modules\\firebase-functions\\lib\\index.js"}} {"metadata":{"emulator":{"name":"functions"},"function":{"name":"helloWorld"},"message":"[runtime-status] [11308] firebase-functions has been stubbed. {\"functionsResolution\":{\"declared\":true,\"installed\":true,\"version\":\"3.13.2\",\"resolution\":\"E:\\\\REACT-PROJECTS\\\\React-auth\\\\authentication\\\\functions\\\\node_modules\\\\firebase-functions\\\\lib\\\\index.js\"}}"}}
[debug] [2021-04-24T05:26:08.248Z] [runtime-status] [11308] Resolved module firebase-functions {"declared":true,"installed":true,"version":"3.13.2","resolution":"E:\\REACT-PROJECTS\\React-auth\\authentication\\functions\\node_modules\\firebase-functions\\lib\\index.js"} {"metadata":{"emulator":{"name":"functions"},"function":{"name":"helloWorld"},"message":"[runtime-status] [11308] Resolved module firebase-functions {\"declared\":true,\"installed\":true,\"version\":\"3.13.2\",\"resolution\":\"E:\\\\REACT-PROJECTS\\\\React-auth\\\\authentication\\\\functions\\\\node_modules\\\\firebase-functions\\\\lib\\\\index.js\"}"}}
[debug] [2021-04-24T05:26:08.249Z] [runtime-status] [11308] Resolved module firebase-admin {"declared":true,"installed":true,"version":"9.6.0","resolution":"E:\\REACT-PROJECTS\\React-auth\\authentication\\functions\\node_modules\\firebase-admin\\lib\\index.js"} {"metadata":{"emulator":{"name":"functions"},"function":{"name":"helloWorld"},"message":"[runtime-status] [11308] Resolved module firebase-admin {\"declared\":true,\"installed\":true,\"version\":\"9.6.0\",\"resolution\":\"E:\\\\REACT-PROJECTS\\\\React-auth\\\\authentication\\\\functions\\\\node_modules\\\\firebase-admin\\\\lib\\\\index.js\"}"}}
[debug] [2021-04-24T05:26:08.250Z] [runtime-status] [11308] Resolved module firebase-functions {"declared":true,"installed":true,"version":"3.13.2","resolution":"E:\\REACT-PROJECTS\\React-auth\\authentication\\functions\\node_modules\\firebase-functions\\lib\\index.js"} {"metadata":{"emulator":{"name":"functions"},"function":{"name":"helloWorld"},"message":"[runtime-status] [11308] Resolved module firebase-functions {\"declared\":true,\"installed\":true,\"version\":\"3.13.2\",\"resolution\":\"E:\\\\REACT-PROJECTS\\\\React-auth\\\\authentication\\\\functions\\\\node_modules\\\\firebase-functions\\\\lib\\\\index.js\"}"}}
[debug] [2021-04-24T05:26:08.250Z] [runtime-status] [11308] firebase-admin has been stubbed. {"adminResolution":{"declared":true,"installed":true,"version":"9.6.0","resolution":"E:\\REACT-PROJECTS\\React-auth\\authentication\\functions\\node_modules\\firebase-admin\\lib\\index.js"}} {"metadata":{"emulator":{"name":"functions"},"function":{"name":"helloWorld"},"message":"[runtime-status] [11308] firebase-admin has been stubbed. {\"adminResolution\":{\"declared\":true,\"installed\":true,\"version\":\"9.6.0\",\"resolution\":\"E:\\\\REACT-PROJECTS\\\\React-auth\\\\authentication\\\\functions\\\\node_modules\\\\firebase-admin\\\\lib\\\\index.js\"}}"}}
[debug] [2021-04-24T05:26:08.252Z] [runtime-status] [11308] Trigger "helloWorld" has been found, beginning invocation! {"metadata":{"emulator":{"name":"functions"},"function":{"name":"helloWorld"},"message":"[runtime-status] [11308] Trigger \"helloWorld\" has been found, beginning invocation!"}}
[info] i  functions: Beginning execution of "helloWorld" {"metadata":{"emulator":{"name":"functions"},"function":{"name":"helloWorld"},"message":"Beginning execution of \"helloWorld\""}}
[debug] [2021-04-24T05:26:08.253Z] [runtime-status] [11308] triggerDefinition {"httpsTrigger":{},"name":"helloWorld","entryPoint":"helloWorld"} {"metadata":{"emulator":{"name":"functions"},"function":{"name":"helloWorld"},"message":"[runtime-status] [11308] triggerDefinition {\"httpsTrigger\":{},\"name\":\"helloWorld\",\"entryPoint\":\"helloWorld\"}"}}
[debug] [2021-04-24T05:26:08.253Z] [runtime-status] [11308] Running helloWorld in mode HTTPS {"metadata":{"emulator":{"name":"functions"},"function":{"name":"helloWorld"},"message":"[runtime-status] [11308] Running helloWorld in mode HTTPS"}}
[debug] [2021-04-24T05:26:08.257Z] [runtime-status] [11308] Attempting to listen to socketPath: \\?\pipe\E:\REACT-PROJECTS\React-auth\authentication\functions\11308 {"metadata":{"emulator":{"name":"functions"},"function":{"name":"helloWorld"},"message":"[runtime-status] [11308] Attempting to listen to socketPath: \\\\?\\pipe\\E:\\REACT-PROJECTS\\React-auth\\authentication\\functions\\11308"}}
[debug] [2021-04-24T05:26:08.260Z] [functions] Runtime ready! Sending request! {"metadata":{"emulator":{"name":"functions"},"message":"[functions] Runtime ready! Sending request!"}}
[debug] [2021-04-24T05:26:08.261Z] [functions] Got req.url=/auth-app-e4978/us-central1/helloWorld, mapping to path=/ {"metadata":{"emulator":{"name":"functions"},"message":"[functions] Got req.url=/auth-app-e4978/us-central1/helloWorld, mapping to path=/"}}
[debug] [2021-04-24T05:26:08.269Z] [runtime-status] [11308] Ephemeral server handling GET request {"metadata":{"emulator":{"name":"functions"},"function":{"name":"helloWorld"},"message":"[runtime-status] [11308] Ephemeral server handling GET request"}}
[info] >  {"structuredData":true,"severity":"INFO","message":"Hello logs!"} {"user":{"structuredData":true,"severity":"INFO","message":"Hello logs!"},"metadata":{"emulator":{"name":"functions"},"function":{"name":"helloWorld"},"message":"\u001b[90m> \u001b[39m {\"structuredData\":true,\"severity\":\"INFO\",\"message\":\"Hello logs!\"}"}}
[debug] [2021-04-24T05:26:08.275Z] [runtime-status] [11308] Ephemeral server survived. {"metadata":{"emulator":{"name":"functions"},"function":{"name":"helloWorld"},"message":"[runtime-status] [11308] Ephemeral server survived."}}
[info] i  functions: Finished "helloWorld" in ~1s {"metadata":{"emulator":{"name":"functions"},"function":{"name":"helloWorld"},"message":"Finished \"helloWorld\" in ~1s"}}
[debug] [2021-04-24T05:26:08.277Z] [worker-helloWorld-22aa85f5-4fa2-4b77-9fe5-4f4f8e263a5d]: IDLE {"metadata":{"emulator":{"name":"functions"},"message":"[worker-helloWorld-22aa85f5-4fa2-4b77-9fe5-4f4f8e263a5d]: IDLE"}}
[debug] [2021-04-24T05:26:08.277Z] [work-queue] {"queueLength":0,"workRunningCount":0}
[debug] [2021-04-24T05:28:25.341Z] File E:\REACT-PROJECTS\React-auth\authentication\functions\index.js changed, reloading triggers {"metadata":{"emulator":{"name":"functions"},"message":"File E:\\REACT-PROJECTS\\React-auth\\authentication\\functions\\index.js changed, reloading triggers"}}
[debug] [2021-04-24T05:28:25.757Z] File E:\REACT-PROJECTS\React-auth\authentication\functions\index.js changed, reloading triggers {"metadata":{"emulator":{"name":"functions"},"message":"File E:\\REACT-PROJECTS\\React-auth\\authentication\\functions\\index.js changed, reloading triggers"}}
[debug] [2021-04-24T05:28:26.764Z] [worker-pool] Shutting down IDLE worker (~diagnostic~) {"metadata":{"emulator":{"name":"functions"},"message":"[worker-pool] Shutting down IDLE worker (~diagnostic~)"}}
[debug] [2021-04-24T05:28:26.764Z] [worker-~diagnostic~-9cb57ef0-682b-41a0-a815-86c54b76ff93]: FINISHING {"metadata":{"emulator":{"name":"functions"},"message":"[worker-~diagnostic~-9cb57ef0-682b-41a0-a815-86c54b76ff93]: FINISHING"}}
[debug] [2021-04-24T05:28:26.764Z] [worker-pool] Shutting down IDLE worker (helloWorld) {"metadata":{"emulator":{"name":"functions"},"message":"[worker-pool] Shutting down IDLE worker (helloWorld)"}}
[debug] [2021-04-24T05:28:26.764Z] [worker-helloWorld-22aa85f5-4fa2-4b77-9fe5-4f4f8e263a5d]: FINISHING {"metadata":{"emulator":{"name":"functions"},"message":"[worker-helloWorld-22aa85f5-4fa2-4b77-9fe5-4f4f8e263a5d]: FINISHING"}}
[debug] [2021-04-24T05:28:26.771Z] [worker-pool] addWorker(~diagnostic~) {"metadata":{"emulator":{"name":"functions"},"message":"[worker-pool] addWorker(~diagnostic~)"}}
[debug] [2021-04-24T05:28:26.771Z] [worker-pool] Adding worker with key ~diagnostic~, total=2 {"metadata":{"emulator":{"name":"functions"},"message":"[worker-pool] Adding worker with key ~diagnostic~, total=2"}}
[debug] [2021-04-24T05:28:26.772Z] [worker-pool] submitWork(triggerId=) {"metadata":{"emulator":{"name":"functions"},"message":"[worker-pool] submitWork(triggerId=)"}}
[debug] [2021-04-24T05:28:26.772Z] [worker-~diagnostic~-95fb8e60-89ee-458f-86dd-850eab6638f2]: Assigning socketPath: \\?\pipe\E:\REACT-PROJECTS\React-auth\authentication\functions\31800 {"metadata":{"emulator":{"name":"functions"},"message":"[worker-~diagnostic~-95fb8e60-89ee-458f-86dd-850eab6638f2]: Assigning socketPath: \\\\?\\pipe\\E:\\REACT-PROJECTS\\React-auth\\authentication\\functions\\31800"}}
[debug] [2021-04-24T05:28:26.772Z] [worker-~diagnostic~-95fb8e60-89ee-458f-86dd-850eab6638f2]: BUSY {"metadata":{"emulator":{"name":"functions"},"message":"[worker-~diagnostic~-95fb8e60-89ee-458f-86dd-850eab6638f2]: BUSY"}}
[debug] [2021-04-24T05:28:26.773Z] [worker-~diagnostic~-9cb57ef0-682b-41a0-a815-86c54b76ff93]: exited {"metadata":{"emulator":{"name":"functions"},"message":"[worker-~diagnostic~-9cb57ef0-682b-41a0-a815-86c54b76ff93]: exited"}}
[debug] [2021-04-24T05:28:26.773Z] [worker-~diagnostic~-9cb57ef0-682b-41a0-a815-86c54b76ff93]: FINISHED {"metadata":{"emulator":{"name":"functions"},"message":"[worker-~diagnostic~-9cb57ef0-682b-41a0-a815-86c54b76ff93]: FINISHED"}}
[debug] [2021-04-24T05:28:26.774Z] [worker-helloWorld-22aa85f5-4fa2-4b77-9fe5-4f4f8e263a5d]: exited {"metadata":{"emulator":{"name":"functions"},"message":"[worker-helloWorld-22aa85f5-4fa2-4b77-9fe5-4f4f8e263a5d]: exited"}}
[debug] [2021-04-24T05:28:26.774Z] [worker-helloWorld-22aa85f5-4fa2-4b77-9fe5-4f4f8e263a5d]: FINISHED {"metadata":{"emulator":{"name":"functions"},"message":"[worker-helloWorld-22aa85f5-4fa2-4b77-9fe5-4f4f8e263a5d]: FINISHED"}}
[debug] [2021-04-24T05:28:26.994Z] [runtime-status] [31800] Functions runtime initialized. {"cwd":"E:\\REACT-PROJECTS\\React-auth\\authentication\\functions","node_version":"14.15.3"} {"metadata":{"emulator":{"name":"functions"},"message":"[runtime-status] [31800] Functions runtime initialized. {\"cwd\":\"E:\\\\REACT-PROJECTS\\\\React-auth\\\\authentication\\\\functions\",\"node_version\":\"14.15.3\"}"}}
[debug] [2021-04-24T05:28:26.995Z] [runtime-status] [31800] Disabled runtime features: undefined {"metadata":{"emulator":{"name":"functions"},"message":"[runtime-status] [31800] Disabled runtime features: undefined"}}
[debug] [2021-04-24T05:28:26.998Z] [runtime-status] [31800] Resolved module firebase-admin {"declared":true,"installed":true,"version":"9.6.0","resolution":"E:\\REACT-PROJECTS\\React-auth\\authentication\\functions\\node_modules\\firebase-admin\\lib\\index.js"} {"metadata":{"emulator":{"name":"functions"},"message":"[runtime-status] [31800] Resolved module firebase-admin {\"declared\":true,\"installed\":true,\"version\":\"9.6.0\",\"resolution\":\"E:\\\\REACT-PROJECTS\\\\React-auth\\\\authentication\\\\functions\\\\node_modules\\\\firebase-admin\\\\lib\\\\index.js\"}"}}
[debug] [2021-04-24T05:28:26.999Z] [runtime-status] [31800] Resolved module firebase-functions {"declared":true,"installed":true,"version":"3.13.2","resolution":"E:\\REACT-PROJECTS\\React-auth\\authentication\\functions\\node_modules\\firebase-functions\\lib\\index.js"} {"metadata":{"emulator":{"name":"functions"},"message":"[runtime-status] [31800] Resolved module firebase-functions {\"declared\":true,\"installed\":true,\"version\":\"3.13.2\",\"resolution\":\"E:\\\\REACT-PROJECTS\\\\React-auth\\\\authentication\\\\functions\\\\node_modules\\\\firebase-functions\\\\lib\\\\index.js\"}"}}
[debug] [2021-04-24T05:28:27.000Z] [runtime-status] [31800] Resolved module firebase-functions {"declared":true,"installed":true,"version":"3.13.2","resolution":"E:\\REACT-PROJECTS\\React-auth\\authentication\\functions\\node_modules\\firebase-functions\\lib\\index.js"} {"metadata":{"emulator":{"name":"functions"},"message":"[runtime-status] [31800] Resolved module firebase-functions {\"declared\":true,\"installed\":true,\"version\":\"3.13.2\",\"resolution\":\"E:\\\\REACT-PROJECTS\\\\React-auth\\\\authentication\\\\functions\\\\node_modules\\\\firebase-functions\\\\lib\\\\index.js\"}"}}
[debug] [2021-04-24T05:28:27.002Z] [runtime-status] [31800] Outgoing network have been stubbed. [{"name":"http","status":"mocked"},{"name":"http","status":"mocked"},{"name":"https","status":"mocked"},{"name":"https","status":"mocked"},{"name":"net","status":"mocked"}] {"metadata":{"emulator":{"name":"functions"},"message":"[runtime-status] [31800] Outgoing network have been stubbed. [{\"name\":\"http\",\"status\":\"mocked\"},{\"name\":\"http\",\"status\":\"mocked\"},{\"name\":\"https\",\"status\":\"mocked\"},{\"name\":\"https\",\"status\":\"mocked\"},{\"name\":\"net\",\"status\":\"mocked\"}]"}}
[debug] [2021-04-24T05:28:27.003Z] [runtime-status] [31800] Resolved module firebase-functions {"declared":true,"installed":true,"version":"3.13.2","resolution":"E:\\REACT-PROJECTS\\React-auth\\authentication\\functions\\node_modules\\firebase-functions\\lib\\index.js"} {"metadata":{"emulator":{"name":"functions"},"message":"[runtime-status] [31800] Resolved module firebase-functions {\"declared\":true,\"installed\":true,\"version\":\"3.13.2\",\"resolution\":\"E:\\\\REACT-PROJECTS\\\\React-auth\\\\authentication\\\\functions\\\\node_modules\\\\firebase-functions\\\\lib\\\\index.js\"}"}}
[debug] [2021-04-24T05:28:27.045Z] [runtime-status] [31800] Checked functions.config() {"config":{}} {"metadata":{"emulator":{"name":"functions"},"message":"[runtime-status] [31800] Checked functions.config() {\"config\":{}}"}}
[debug] [2021-04-24T05:28:27.045Z] [runtime-status] [31800] firebase-functions has been stubbed. {"functionsResolution":{"declared":true,"installed":true,"version":"3.13.2","resolution":"E:\\REACT-PROJECTS\\React-auth\\authentication\\functions\\node_modules\\firebase-functions\\lib\\index.js"}} {"metadata":{"emulator":{"name":"functions"},"message":"[runtime-status] [31800] firebase-functions has been stubbed. {\"functionsResolution\":{\"declared\":true,\"installed\":true,\"version\":\"3.13.2\",\"resolution\":\"E:\\\\REACT-PROJECTS\\\\React-auth\\\\authentication\\\\functions\\\\node_modules\\\\firebase-functions\\\\lib\\\\index.js\"}}"}}
[debug] [2021-04-24T05:28:27.045Z] [runtime-status] [31800] Resolved module firebase-functions {"declared":true,"installed":true,"version":"3.13.2","resolution":"E:\\REACT-PROJECTS\\React-auth\\authentication\\functions\\node_modules\\firebase-functions\\lib\\index.js"} {"metadata":{"emulator":{"name":"functions"},"message":"[runtime-status] [31800] Resolved module firebase-functions {\"declared\":true,\"installed\":true,\"version\":\"3.13.2\",\"resolution\":\"E:\\\\REACT-PROJECTS\\\\React-auth\\\\authentication\\\\functions\\\\node_modules\\\\firebase-functions\\\\lib\\\\index.js\"}"}}
[debug] [2021-04-24T05:28:27.046Z] [runtime-status] [31800] Resolved module firebase-admin {"declared":true,"installed":true,"version":"9.6.0","resolution":"E:\\REACT-PROJECTS\\React-auth\\authentication\\functions\\node_modules\\firebase-admin\\lib\\index.js"} {"metadata":{"emulator":{"name":"functions"},"message":"[runtime-status] [31800] Resolved module firebase-admin {\"declared\":true,\"installed\":true,\"version\":\"9.6.0\",\"resolution\":\"E:\\\\REACT-PROJECTS\\\\React-auth\\\\authentication\\\\functions\\\\node_modules\\\\firebase-admin\\\\lib\\\\index.js\"}"}}
[debug] [2021-04-24T05:28:27.047Z] [runtime-status] [31800] Resolved module firebase-functions {"declared":true,"installed":true,"version":"3.13.2","resolution":"E:\\REACT-PROJECTS\\React-auth\\authentication\\functions\\node_modules\\firebase-functions\\lib\\index.js"} {"metadata":{"emulator":{"name":"functions"},"message":"[runtime-status] [31800] Resolved module firebase-functions {\"declared\":true,\"installed\":true,\"version\":\"3.13.2\",\"resolution\":\"E:\\\\REACT-PROJECTS\\\\React-auth\\\\authentication\\\\functions\\\\node_modules\\\\firebase-functions\\\\lib\\\\index.js\"}"}}
[debug] [2021-04-24T05:28:27.047Z] [runtime-status] [31800] firebase-admin has been stubbed. {"adminResolution":{"declared":true,"installed":true,"version":"9.6.0","resolution":"E:\\REACT-PROJECTS\\React-auth\\authentication\\functions\\node_modules\\firebase-admin\\lib\\index.js"}} {"metadata":{"emulator":{"name":"functions"},"message":"[runtime-status] [31800] firebase-admin has been stubbed. {\"adminResolution\":{\"declared\":true,\"installed\":true,\"version\":\"9.6.0\",\"resolution\":\"E:\\\\REACT-PROJECTS\\\\React-auth\\\\authentication\\\\functions\\\\node_modules\\\\firebase-admin\\\\lib\\\\index.js\"}}"}}
[warn] !  It looks like you're trying to access functions.config().firebase but there is no value there. You can learn more about setting up config here: https://firebase.google.com/docs/functions/local-emulator {"metadata":{"emulator":{"name":"functions"},"message":"It looks like you're trying to access functions.config().firebase but there is no value there. You can learn more about setting up config here: https://firebase.google.com/docs/functions/local-emulator"}}
[debug] [2021-04-24T05:28:27.049Z] [runtime-status] [31800] initializeApp(DEFAULT) {"storageBucket":"auth-app-e4978.appspot.com","databaseURL":"https://auth-app-e4978.firebaseio.com","projectId":"auth-app-e4978"} {"metadata":{"emulator":{"name":"functions"},"message":"[runtime-status] [31800] initializeApp(DEFAULT) {\"storageBucket\":\"auth-app-e4978.appspot.com\",\"databaseURL\":\"https://auth-app-e4978.firebaseio.com\",\"projectId\":\"auth-app-e4978\"}"}}
[debug] [2021-04-24T05:28:27.052Z] [runtime-status] [31800] Error in handleMessage: {"frb":{"cwd":"E:\\REACT-PROJECTS\\React-auth\\authentication\\functions","projectId":"auth-app-e4978","triggerId":"","emulators":{},"adminSdkConfig":{"databaseURL":"https://auth-app-e4978.firebaseio.com","storageBucket":"auth-app-e4978.appspot.com"},"socketPath":"\\\\?\\pipe\\E:\\REACT-PROJECTS\\React-auth\\authentication\\functions\\31800"},"opts":{"nodeBinary":"C:\\Program Files\\nodejs\\node.exe","env":{"GOOGLE_APPLICATION_CREDENTIALS":"C:\\Users\\Praveen\\AppData\\Roaming\\firebase\\praveen588_sasi_ac.in_application_default_credentials.json"}}} => TypeError [ERR_INVALID_ARG_TYPE]: The "path" argument must be of type string. Received undefined: TypeError [ERR_INVALID_ARG_TYPE]: The "path" argument must be of type string. Received undefined
    at validateString (internal/validators.js:124:11)
    at Object.join (path.js:1039:7)
    at E:\REACT-PROJECTS\React-auth\authentication\functions\node_modules\firebase-functions\lib\providers\firestore.js:103:33
    at Function.get (E:\REACT-PROJECTS\React-auth\authentication\functions\node_modules\firebase-functions\lib\cloud-functions.js:151:17)
    at extractTriggers (C:\Users\Praveen\AppData\Roaming\npm\node_modules\firebase-tools\lib\extractTriggers.js:6:50)
    at initializeRuntime (C:\Users\Praveen\AppData\Roaming\npm\node_modules\firebase-tools\lib\emulator\functionsEmulatorRuntime.js:691:38)
    at processTicksAndRejections (internal/process/task_queues.js:93:5)
    at async handleMessage (C:\Users\Praveen\AppData\Roaming\npm\node_modules\firebase-tools\lib\emulator\functionsEmulatorRuntime.js:718:20) {"metadata":{"emulator":{"name":"functions"},"message":"[runtime-status] [31800] Error in handleMessage: {\"frb\":{\"cwd\":\"E:\\\\REACT-PROJECTS\\\\React-auth\\\\authentication\\\\functions\",\"projectId\":\"auth-app-e4978\",\"triggerId\":\"\",\"emulators\":{},\"adminSdkConfig\":{\"databaseURL\":\"https://auth-app-e4978.firebaseio.com\",\"storageBucket\":\"auth-app-e4978.appspot.com\"},\"socketPath\":\"\\\\\\\\?\\\\pipe\\\\E:\\\\REACT-PROJECTS\\\\React-auth\\\\authentication\\\\functions\\\\31800\"},\"opts\":{\"nodeBinary\":\"C:\\\\Program Files\\\\nodejs\\\\node.exe\",\"env\":{\"GOOGLE_APPLICATION_CREDENTIALS\":\"C:\\\\Users\\\\Praveen\\\\AppData\\\\Roaming\\\\firebase\\\\praveen588_sasi_ac.in_application_default_credentials.json\"}}} => TypeError [ERR_INVALID_ARG_TYPE]: The \"path\" argument must be of type string. Received undefined: TypeError [ERR_INVALID_ARG_TYPE]: The \"path\" argument must be of type string. Received undefined\n    at validateString (internal/validators.js:124:11)\n    at Object.join (path.js:1039:7)\n    at E:\\REACT-PROJECTS\\React-auth\\authentication\\functions\\node_modules\\firebase-functions\\lib\\providers\\firestore.js:103:33\n    at Function.get (E:\\REACT-PROJECTS\\React-auth\\authentication\\functions\\node_modules\\firebase-functions\\lib\\cloud-functions.js:151:17)\n    at extractTriggers (C:\\Users\\Praveen\\AppData\\Roaming\\npm\\node_modules\\firebase-tools\\lib\\extractTriggers.js:6:50)\n    at initializeRuntime (C:\\Users\\Praveen\\AppData\\Roaming\\npm\\node_modules\\firebase-tools\\lib\\emulator\\functionsEmulatorRuntime.js:691:38)\n    at processTicksAndRejections (internal/process/task_queues.js:93:5)\n    at async handleMessage (C:\\Users\\Praveen\\AppData\\Roaming\\npm\\node_modules\\firebase-tools\\lib\\emulator\\functionsEmulatorRuntime.js:718:20)"}}
[warn] !  functions: The "path" argument must be of type string. Received undefined {"metadata":{"emulator":{"name":"functions"},"message":"The \"path\" argument must be of type string. Received undefined"}}
[warn] !  Your function was killed because it raised an unhandled error. {"metadata":{"emulator":{"name":"functions"},"message":"Your function was killed because it raised an unhandled error."}}
[debug] [2021-04-24T05:28:27.060Z] [worker-~diagnostic~-95fb8e60-89ee-458f-86dd-850eab6638f2]: exited {"metadata":{"emulator":{"name":"functions"},"message":"[worker-~diagnostic~-95fb8e60-89ee-458f-86dd-850eab6638f2]: exited"}}
[debug] [2021-04-24T05:28:27.060Z] [worker-~diagnostic~-95fb8e60-89ee-458f-86dd-850eab6638f2]: FINISHED {"metadata":{"emulator":{"name":"functions"},"message":"[worker-~diagnostic~-95fb8e60-89ee-458f-86dd-850eab6638f2]: FINISHED"}}
[debug] [2021-04-24T05:28:45.276Z] File E:\REACT-PROJECTS\React-auth\authentication\functions\index.js changed, reloading triggers {"metadata":{"emulator":{"name":"functions"},"message":"File E:\\REACT-PROJECTS\\React-auth\\authentication\\functions\\index.js changed, reloading triggers"}}
[debug] [2021-04-24T05:28:45.430Z] File E:\REACT-PROJECTS\React-auth\authentication\functions\index.js changed, reloading triggers {"metadata":{"emulator":{"name":"functions"},"message":"File E:\\REACT-PROJECTS\\React-auth\\authentication\\functions\\index.js changed, reloading triggers"}}
[debug] [2021-04-24T05:28:46.444Z] [worker-pool] Cleaned up workers for ~diagnostic~: 2 --> 0 {"metadata":{"emulator":{"name":"functions"},"message":"[worker-pool] Cleaned up workers for ~diagnostic~: 2 --> 0"}}
[debug] [2021-04-24T05:28:46.444Z] [worker-pool] Cleaned up workers for helloWorld: 1 --> 0 {"metadata":{"emulator":{"name":"functions"},"message":"[worker-pool] Cleaned up workers for helloWorld: 1 --> 0"}}
[debug] [2021-04-24T05:28:46.449Z] [worker-pool] addWorker(~diagnostic~) {"metadata":{"emulator":{"name":"functions"},"message":"[worker-pool] addWorker(~diagnostic~)"}}
[debug] [2021-04-24T05:28:46.449Z] [worker-pool] Adding worker with key ~diagnostic~, total=1 {"metadata":{"emulator":{"name":"functions"},"message":"[worker-pool] Adding worker with key ~diagnostic~, total=1"}}
[debug] [2021-04-24T05:28:46.449Z] [worker-pool] submitWork(triggerId=) {"metadata":{"emulator":{"name":"functions"},"message":"[worker-pool] submitWork(triggerId=)"}}
[debug] [2021-04-24T05:28:46.449Z] [worker-~diagnostic~-bb1c2cd5-e1a7-4d28-b560-70b069e3d90b]: Assigning socketPath: \\?\pipe\E:\REACT-PROJECTS\React-auth\authentication\functions\7356 {"metadata":{"emulator":{"name":"functions"},"message":"[worker-~diagnostic~-bb1c2cd5-e1a7-4d28-b560-70b069e3d90b]: Assigning socketPath: \\\\?\\pipe\\E:\\REACT-PROJECTS\\React-auth\\authentication\\functions\\7356"}}
[debug] [2021-04-24T05:28:46.449Z] [worker-~diagnostic~-bb1c2cd5-e1a7-4d28-b560-70b069e3d90b]: BUSY {"metadata":{"emulator":{"name":"functions"},"message":"[worker-~diagnostic~-bb1c2cd5-e1a7-4d28-b560-70b069e3d90b]: BUSY"}}
[debug] [2021-04-24T05:28:46.693Z] [runtime-status] [7356] Functions runtime initialized. {"cwd":"E:\\REACT-PROJECTS\\React-auth\\authentication\\functions","node_version":"14.15.3"} {"metadata":{"emulator":{"name":"functions"},"message":"[runtime-status] [7356] Functions runtime initialized. {\"cwd\":\"E:\\\\REACT-PROJECTS\\\\React-auth\\\\authentication\\\\functions\",\"node_version\":\"14.15.3\"}"}}
[debug] [2021-04-24T05:28:46.695Z] [runtime-status] [7356] Disabled runtime features: undefined {"metadata":{"emulator":{"name":"functions"},"message":"[runtime-status] [7356] Disabled runtime features: undefined"}}
[debug] [2021-04-24T05:28:46.698Z] [runtime-status] [7356] Resolved module firebase-admin {"declared":true,"installed":true,"version":"9.6.0","resolution":"E:\\REACT-PROJECTS\\React-auth\\authentication\\functions\\node_modules\\firebase-admin\\lib\\index.js"} {"metadata":{"emulator":{"name":"functions"},"message":"[runtime-status] [7356] Resolved module firebase-admin {\"declared\":true,\"installed\":true,\"version\":\"9.6.0\",\"resolution\":\"E:\\\\REACT-PROJECTS\\\\React-auth\\\\authentication\\\\functions\\\\node_modules\\\\firebase-admin\\\\lib\\\\index.js\"}"}}
[debug] [2021-04-24T05:28:46.699Z] [runtime-status] [7356] Resolved module firebase-functions {"declared":true,"installed":true,"version":"3.13.2","resolution":"E:\\REACT-PROJECTS\\React-auth\\authentication\\functions\\node_modules\\firebase-functions\\lib\\index.js"} {"metadata":{"emulator":{"name":"functions"},"message":"[runtime-status] [7356] Resolved module firebase-functions {\"declared\":true,\"installed\":true,\"version\":\"3.13.2\",\"resolution\":\"E:\\\\REACT-PROJECTS\\\\React-auth\\\\authentication\\\\functions\\\\node_modules\\\\firebase-functions\\\\lib\\\\index.js\"}"}}
[debug] [2021-04-24T05:28:46.701Z] [runtime-status] [7356] Resolved module firebase-functions {"declared":true,"installed":true,"version":"3.13.2","resolution":"E:\\REACT-PROJECTS\\React-auth\\authentication\\functions\\node_modules\\firebase-functions\\lib\\index.js"} {"metadata":{"emulator":{"name":"functions"},"message":"[runtime-status] [7356] Resolved module firebase-functions {\"declared\":true,\"installed\":true,\"version\":\"3.13.2\",\"resolution\":\"E:\\\\REACT-PROJECTS\\\\React-auth\\\\authentication\\\\functions\\\\node_modules\\\\firebase-functions\\\\lib\\\\index.js\"}"}}
[debug] [2021-04-24T05:28:46.702Z] [runtime-status] [7356] Outgoing network have been stubbed. [{"name":"http","status":"mocked"},{"name":"http","status":"mocked"},{"name":"https","status":"mocked"},{"name":"https","status":"mocked"},{"name":"net","status":"mocked"}] {"metadata":{"emulator":{"name":"functions"},"message":"[runtime-status] [7356] Outgoing network have been stubbed. [{\"name\":\"http\",\"status\":\"mocked\"},{\"name\":\"http\",\"status\":\"mocked\"},{\"name\":\"https\",\"status\":\"mocked\"},{\"name\":\"https\",\"status\":\"mocked\"},{\"name\":\"net\",\"status\":\"mocked\"}]"}}
[debug] [2021-04-24T05:28:46.703Z] [runtime-status] [7356] Resolved module firebase-functions {"declared":true,"installed":true,"version":"3.13.2","resolution":"E:\\REACT-PROJECTS\\React-auth\\authentication\\functions\\node_modules\\firebase-functions\\lib\\index.js"} {"metadata":{"emulator":{"name":"functions"},"message":"[runtime-status] [7356] Resolved module firebase-functions {\"declared\":true,\"installed\":true,\"version\":\"3.13.2\",\"resolution\":\"E:\\\\REACT-PROJECTS\\\\React-auth\\\\authentication\\\\functions\\\\node_modules\\\\firebase-functions\\\\lib\\\\index.js\"}"}}
[debug] [2021-04-24T05:28:46.750Z] [runtime-status] [7356] Checked functions.config() {"config":{}} {"metadata":{"emulator":{"name":"functions"},"message":"[runtime-status] [7356] Checked functions.config() {\"config\":{}}"}}
[debug] [2021-04-24T05:28:46.751Z] [runtime-status] [7356] firebase-functions has been stubbed. {"functionsResolution":{"declared":true,"installed":true,"version":"3.13.2","resolution":"E:\\REACT-PROJECTS\\React-auth\\authentication\\functions\\node_modules\\firebase-functions\\lib\\index.js"}} {"metadata":{"emulator":{"name":"functions"},"message":"[runtime-status] [7356] firebase-functions has been stubbed. {\"functionsResolution\":{\"declared\":true,\"installed\":true,\"version\":\"3.13.2\",\"resolution\":\"E:\\\\REACT-PROJECTS\\\\React-auth\\\\authentication\\\\functions\\\\node_modules\\\\firebase-functions\\\\lib\\\\index.js\"}}"}}
[debug] [2021-04-24T05:28:46.751Z] [runtime-status] [7356] Resolved module firebase-functions {"declared":true,"installed":true,"version":"3.13.2","resolution":"E:\\REACT-PROJECTS\\React-auth\\authentication\\functions\\node_modules\\firebase-functions\\lib\\index.js"} {"metadata":{"emulator":{"name":"functions"},"message":"[runtime-status] [7356] Resolved module firebase-functions {\"declared\":true,\"installed\":true,\"version\":\"3.13.2\",\"resolution\":\"E:\\\\REACT-PROJECTS\\\\React-auth\\\\authentication\\\\functions\\\\node_modules\\\\firebase-functions\\\\lib\\\\index.js\"}"}}
[debug] [2021-04-24T05:28:46.752Z] [runtime-status] [7356] Resolved module firebase-admin {"declared":true,"installed":true,"version":"9.6.0","resolution":"E:\\REACT-PROJECTS\\React-auth\\authentication\\functions\\node_modules\\firebase-admin\\lib\\index.js"} {"metadata":{"emulator":{"name":"functions"},"message":"[runtime-status] [7356] Resolved module firebase-admin {\"declared\":true,\"installed\":true,\"version\":\"9.6.0\",\"resolution\":\"E:\\\\REACT-PROJECTS\\\\React-auth\\\\authentication\\\\functions\\\\node_modules\\\\firebase-admin\\\\lib\\\\index.js\"}"}}
[debug] [2021-04-24T05:28:46.752Z] [runtime-status] [7356] Resolved module firebase-functions {"declared":true,"installed":true,"version":"3.13.2","resolution":"E:\\REACT-PROJECTS\\React-auth\\authentication\\functions\\node_modules\\firebase-functions\\lib\\index.js"} {"metadata":{"emulator":{"name":"functions"},"message":"[runtime-status] [7356] Resolved module firebase-functions {\"declared\":true,\"installed\":true,\"version\":\"3.13.2\",\"resolution\":\"E:\\\\REACT-PROJECTS\\\\React-auth\\\\authentication\\\\functions\\\\node_modules\\\\firebase-functions\\\\lib\\\\index.js\"}"}}
[debug] [2021-04-24T05:28:46.753Z] [runtime-status] [7356] firebase-admin has been stubbed. {"adminResolution":{"declared":true,"installed":true,"version":"9.6.0","resolution":"E:\\REACT-PROJECTS\\React-auth\\authentication\\functions\\node_modules\\firebase-admin\\lib\\index.js"}} {"metadata":{"emulator":{"name":"functions"},"message":"[runtime-status] [7356] firebase-admin has been stubbed. {\"adminResolution\":{\"declared\":true,\"installed\":true,\"version\":\"9.6.0\",\"resolution\":\"E:\\\\REACT-PROJECTS\\\\React-auth\\\\authentication\\\\functions\\\\node_modules\\\\firebase-admin\\\\lib\\\\index.js\"}}"}}
[debug] [2021-04-24T05:28:46.755Z] [runtime-status] [7356] initializeApp(DEFAULT) {"storageBucket":"auth-app-e4978.appspot.com","databaseURL":"https://auth-app-e4978.firebaseio.com","projectId":"auth-app-e4978"} {"metadata":{"emulator":{"name":"functions"},"message":"[runtime-status] [7356] initializeApp(DEFAULT) {\"storageBucket\":\"auth-app-e4978.appspot.com\",\"databaseURL\":\"https://auth-app-e4978.firebaseio.com\",\"projectId\":\"auth-app-e4978\"}"}}
[info] i  functions[projectedCreated]: function ignored because the firestore emulator does not exist or is not running. {"metadata":{"emulator":{"name":"functions"},"message":"function ignored because the firestore emulator does not exist or is not running."}}
[debug] [2021-04-24T05:28:46.759Z] [worker-~diagnostic~-bb1c2cd5-e1a7-4d28-b560-70b069e3d90b]: IDLE {"metadata":{"emulator":{"name":"functions"},"message":"[worker-~diagnostic~-bb1c2cd5-e1a7-4d28-b560-70b069e3d90b]: IDLE"}}
[debug] [2021-04-24T05:29:24.682Z] File E:\REACT-PROJECTS\React-auth\authentication\functions\index.js changed, reloading triggers {"metadata":{"emulator":{"name":"functions"},"message":"File E:\\REACT-PROJECTS\\React-auth\\authentication\\functions\\index.js changed, reloading triggers"}}
[debug] [2021-04-24T05:29:24.846Z] File E:\REACT-PROJECTS\React-auth\authentication\functions\index.js changed, reloading triggers {"metadata":{"emulator":{"name":"functions"},"message":"File E:\\REACT-PROJECTS\\React-auth\\authentication\\functions\\index.js changed, reloading triggers"}}
[debug] [2021-04-24T05:29:25.848Z] [worker-pool] Shutting down IDLE worker (~diagnostic~) {"metadata":{"emulator":{"name":"functions"},"message":"[worker-pool] Shutting down IDLE worker (~diagnostic~)"}}
[debug] [2021-04-24T05:29:25.848Z] [worker-~diagnostic~-bb1c2cd5-e1a7-4d28-b560-70b069e3d90b]: FINISHING {"metadata":{"emulator":{"name":"functions"},"message":"[worker-~diagnostic~-bb1c2cd5-e1a7-4d28-b560-70b069e3d90b]: FINISHING"}}
[debug] [2021-04-24T05:29:25.857Z] [worker-pool] addWorker(~diagnostic~) {"metadata":{"emulator":{"name":"functions"},"message":"[worker-pool] addWorker(~diagnostic~)"}}
[debug] [2021-04-24T05:29:25.858Z] [worker-pool] Adding worker with key ~diagnostic~, total=2 {"metadata":{"emulator":{"name":"functions"},"message":"[worker-pool] Adding worker with key ~diagnostic~, total=2"}}
[debug] [2021-04-24T05:29:25.858Z] [worker-pool] submitWork(triggerId=) {"metadata":{"emulator":{"name":"functions"},"message":"[worker-pool] submitWork(triggerId=)"}}
[debug] [2021-04-24T05:29:25.858Z] [worker-~diagnostic~-939291de-da89-4f98-a09a-27176089b93b]: Assigning socketPath: \\?\pipe\E:\REACT-PROJECTS\React-auth\authentication\functions\27128 {"metadata":{"emulator":{"name":"functions"},"message":"[worker-~diagnostic~-939291de-da89-4f98-a09a-27176089b93b]: Assigning socketPath: \\\\?\\pipe\\E:\\REACT-PROJECTS\\React-auth\\authentication\\functions\\27128"}}
[debug] [2021-04-24T05:29:25.858Z] [worker-~diagnostic~-939291de-da89-4f98-a09a-27176089b93b]: BUSY {"metadata":{"emulator":{"name":"functions"},"message":"[worker-~diagnostic~-939291de-da89-4f98-a09a-27176089b93b]: BUSY"}}
[debug] [2021-04-24T05:29:25.859Z] [worker-~diagnostic~-bb1c2cd5-e1a7-4d28-b560-70b069e3d90b]: exited {"metadata":{"emulator":{"name":"functions"},"message":"[worker-~diagnostic~-bb1c2cd5-e1a7-4d28-b560-70b069e3d90b]: exited"}}
[debug] [2021-04-24T05:29:25.859Z] [worker-~diagnostic~-bb1c2cd5-e1a7-4d28-b560-70b069e3d90b]: FINISHED {"metadata":{"emulator":{"name":"functions"},"message":"[worker-~diagnostic~-bb1c2cd5-e1a7-4d28-b560-70b069e3d90b]: FINISHED"}}
[debug] [2021-04-24T05:29:26.078Z] [runtime-status] [27128] Functions runtime initialized. {"cwd":"E:\\REACT-PROJECTS\\React-auth\\authentication\\functions","node_version":"14.15.3"} {"metadata":{"emulator":{"name":"functions"},"message":"[runtime-status] [27128] Functions runtime initialized. {\"cwd\":\"E:\\\\REACT-PROJECTS\\\\React-auth\\\\authentication\\\\functions\",\"node_version\":\"14.15.3\"}"}}
[debug] [2021-04-24T05:29:26.080Z] [runtime-status] [27128] Disabled runtime features: undefined {"metadata":{"emulator":{"name":"functions"},"message":"[runtime-status] [27128] Disabled runtime features: undefined"}}
[debug] [2021-04-24T05:29:26.083Z] [runtime-status] [27128] Resolved module firebase-admin {"declared":true,"installed":true,"version":"9.6.0","resolution":"E:\\REACT-PROJECTS\\React-auth\\authentication\\functions\\node_modules\\firebase-admin\\lib\\index.js"} {"metadata":{"emulator":{"name":"functions"},"message":"[runtime-status] [27128] Resolved module firebase-admin {\"declared\":true,\"installed\":true,\"version\":\"9.6.0\",\"resolution\":\"E:\\\\REACT-PROJECTS\\\\React-auth\\\\authentication\\\\functions\\\\node_modules\\\\firebase-admin\\\\lib\\\\index.js\"}"}}
[debug] [2021-04-24T05:29:26.085Z] [runtime-status] [27128] Resolved module firebase-functions {"declared":true,"installed":true,"version":"3.13.2","resolution":"E:\\REACT-PROJECTS\\React-auth\\authentication\\functions\\node_modules\\firebase-functions\\lib\\index.js"} {"metadata":{"emulator":{"name":"functions"},"message":"[runtime-status] [27128] Resolved module firebase-functions {\"declared\":true,\"installed\":true,\"version\":\"3.13.2\",\"resolution\":\"E:\\\\REACT-PROJECTS\\\\React-auth\\\\authentication\\\\functions\\\\node_modules\\\\firebase-functions\\\\lib\\\\index.js\"}"}}
[debug] [2021-04-24T05:29:26.088Z] [runtime-status] [27128] Resolved module firebase-functions {"declared":true,"installed":true,"version":"3.13.2","resolution":"E:\\REACT-PROJECTS\\React-auth\\authentication\\functions\\node_modules\\firebase-functions\\lib\\index.js"} {"metadata":{"emulator":{"name":"functions"},"message":"[runtime-status] [27128] Resolved module firebase-functions {\"declared\":true,\"installed\":true,\"version\":\"3.13.2\",\"resolution\":\"E:\\\\REACT-PROJECTS\\\\React-auth\\\\authentication\\\\functions\\\\node_modules\\\\firebase-functions\\\\lib\\\\index.js\"}"}}
[debug] [2021-04-24T05:29:26.090Z] [runtime-status] [27128] Outgoing network have been stubbed. [{"name":"http","status":"mocked"},{"name":"http","status":"mocked"},{"name":"https","status":"mocked"},{"name":"https","status":"mocked"},{"name":"net","status":"mocked"}] {"metadata":{"emulator":{"name":"functions"},"message":"[runtime-status] [27128] Outgoing network have been stubbed. [{\"name\":\"http\",\"status\":\"mocked\"},{\"name\":\"http\",\"status\":\"mocked\"},{\"name\":\"https\",\"status\":\"mocked\"},{\"name\":\"https\",\"status\":\"mocked\"},{\"name\":\"net\",\"status\":\"mocked\"}]"}}
[debug] [2021-04-24T05:29:26.091Z] [runtime-status] [27128] Resolved module firebase-functions {"declared":true,"installed":true,"version":"3.13.2","resolution":"E:\\REACT-PROJECTS\\React-auth\\authentication\\functions\\node_modules\\firebase-functions\\lib\\index.js"} {"metadata":{"emulator":{"name":"functions"},"message":"[runtime-status] [27128] Resolved module firebase-functions {\"declared\":true,\"installed\":true,\"version\":\"3.13.2\",\"resolution\":\"E:\\\\REACT-PROJECTS\\\\React-auth\\\\authentication\\\\functions\\\\node_modules\\\\firebase-functions\\\\lib\\\\index.js\"}"}}
[debug] [2021-04-24T05:29:26.135Z] [runtime-status] [27128] Checked functions.config() {"config":{}} {"metadata":{"emulator":{"name":"functions"},"message":"[runtime-status] [27128] Checked functions.config() {\"config\":{}}"}}
[debug] [2021-04-24T05:29:26.135Z] [runtime-status] [27128] firebase-functions has been stubbed. {"functionsResolution":{"declared":true,"installed":true,"version":"3.13.2","resolution":"E:\\REACT-PROJECTS\\React-auth\\authentication\\functions\\node_modules\\firebase-functions\\lib\\index.js"}} {"metadata":{"emulator":{"name":"functions"},"message":"[runtime-status] [27128] firebase-functions has been stubbed. {\"functionsResolution\":{\"declared\":true,\"installed\":true,\"version\":\"3.13.2\",\"resolution\":\"E:\\\\REACT-PROJECTS\\\\React-auth\\\\authentication\\\\functions\\\\node_modules\\\\firebase-functions\\\\lib\\\\index.js\"}}"}}
[debug] [2021-04-24T05:29:26.136Z] [runtime-status] [27128] Resolved module firebase-functions {"declared":true,"installed":true,"version":"3.13.2","resolution":"E:\\REACT-PROJECTS\\React-auth\\authentication\\functions\\node_modules\\firebase-functions\\lib\\index.js"} {"metadata":{"emulator":{"name":"functions"},"message":"[runtime-status] [27128] Resolved module firebase-functions {\"declared\":true,\"installed\":true,\"version\":\"3.13.2\",\"resolution\":\"E:\\\\REACT-PROJECTS\\\\React-auth\\\\authentication\\\\functions\\\\node_modules\\\\firebase-functions\\\\lib\\\\index.js\"}"}}
[debug] [2021-04-24T05:29:26.138Z] [runtime-status] [27128] Resolved module firebase-admin {"declared":true,"installed":true,"version":"9.6.0","resolution":"E:\\REACT-PROJECTS\\React-auth\\authentication\\functions\\node_modules\\firebase-admin\\lib\\index.js"} {"metadata":{"emulator":{"name":"functions"},"message":"[runtime-status] [27128] Resolved module firebase-admin {\"declared\":true,\"installed\":true,\"version\":\"9.6.0\",\"resolution\":\"E:\\\\REACT-PROJECTS\\\\React-auth\\\\authentication\\\\functions\\\\node_modules\\\\firebase-admin\\\\lib\\\\index.js\"}"}}
[debug] [2021-04-24T05:29:26.138Z] [runtime-status] [27128] Resolved module firebase-functions {"declared":true,"installed":true,"version":"3.13.2","resolution":"E:\\REACT-PROJECTS\\React-auth\\authentication\\functions\\node_modules\\firebase-functions\\lib\\index.js"} {"metadata":{"emulator":{"name":"functions"},"message":"[runtime-status] [27128] Resolved module firebase-functions {\"declared\":true,\"installed\":true,\"version\":\"3.13.2\",\"resolution\":\"E:\\\\REACT-PROJECTS\\\\React-auth\\\\authentication\\\\functions\\\\node_modules\\\\firebase-functions\\\\lib\\\\index.js\"}"}}
[debug] [2021-04-24T05:29:26.138Z] [runtime-status] [27128] firebase-admin has been stubbed. {"adminResolution":{"declared":true,"installed":true,"version":"9.6.0","resolution":"E:\\REACT-PROJECTS\\React-auth\\authentication\\functions\\node_modules\\firebase-admin\\lib\\index.js"}} {"metadata":{"emulator":{"name":"functions"},"message":"[runtime-status] [27128] firebase-admin has been stubbed. {\"adminResolution\":{\"declared\":true,\"installed\":true,\"version\":\"9.6.0\",\"resolution\":\"E:\\\\REACT-PROJECTS\\\\React-auth\\\\authentication\\\\functions\\\\node_modules\\\\firebase-admin\\\\lib\\\\index.js\"}}"}}
[debug] [2021-04-24T05:29:26.140Z] [runtime-status] [27128] initializeApp(DEFAULT) {"storageBucket":"auth-app-e4978.appspot.com","databaseURL":"https://auth-app-e4978.firebaseio.com","projectId":"auth-app-e4978"} {"metadata":{"emulator":{"name":"functions"},"message":"[runtime-status] [27128] initializeApp(DEFAULT) {\"storageBucket\":\"auth-app-e4978.appspot.com\",\"databaseURL\":\"https://auth-app-e4978.firebaseio.com\",\"projectId\":\"auth-app-e4978\"}"}}
[debug] [2021-04-24T05:29:26.142Z] [worker-~diagnostic~-939291de-da89-4f98-a09a-27176089b93b]: IDLE {"metadata":{"emulator":{"name":"functions"},"message":"[worker-~diagnostic~-939291de-da89-4f98-a09a-27176089b93b]: IDLE"}}
[debug] [2021-04-24T05:32:45.843Z] File E:\REACT-PROJECTS\React-auth\authentication\functions\index.js changed, reloading triggers {"metadata":{"emulator":{"name":"functions"},"message":"File E:\\REACT-PROJECTS\\React-auth\\authentication\\functions\\index.js changed, reloading triggers"}}
[debug] [2021-04-24T05:32:45.999Z] File E:\REACT-PROJECTS\React-auth\authentication\functions\index.js changed, reloading triggers {"metadata":{"emulator":{"name":"functions"},"message":"File E:\\REACT-PROJECTS\\React-auth\\authentication\\functions\\index.js changed, reloading triggers"}}
[debug] [2021-04-24T05:32:47.008Z] [worker-pool] Shutting down IDLE worker (~diagnostic~) {"metadata":{"emulator":{"name":"functions"},"message":"[worker-pool] Shutting down IDLE worker (~diagnostic~)"}}
[debug] [2021-04-24T05:32:47.009Z] [worker-~diagnostic~-939291de-da89-4f98-a09a-27176089b93b]: FINISHING {"metadata":{"emulator":{"name":"functions"},"message":"[worker-~diagnostic~-939291de-da89-4f98-a09a-27176089b93b]: FINISHING"}}
[debug] [2021-04-24T05:32:47.009Z] [worker-pool] Cleaned up workers for ~diagnostic~: 2 --> 1 {"metadata":{"emulator":{"name":"functions"},"message":"[worker-pool] Cleaned up workers for ~diagnostic~: 2 --> 1"}}
[debug] [2021-04-24T05:32:47.014Z] [worker-pool] addWorker(~diagnostic~) {"metadata":{"emulator":{"name":"functions"},"message":"[worker-pool] addWorker(~diagnostic~)"}}
[debug] [2021-04-24T05:32:47.014Z] [worker-pool] Adding worker with key ~diagnostic~, total=2 {"metadata":{"emulator":{"name":"functions"},"message":"[worker-pool] Adding worker with key ~diagnostic~, total=2"}}
[debug] [2021-04-24T05:32:47.014Z] [worker-pool] submitWork(triggerId=) {"metadata":{"emulator":{"name":"functions"},"message":"[worker-pool] submitWork(triggerId=)"}}
[debug] [2021-04-24T05:32:47.014Z] [worker-~diagnostic~-f5a98884-cbdf-4422-8bff-37e98d9761fa]: Assigning socketPath: \\?\pipe\E:\REACT-PROJECTS\React-auth\authentication\functions\32356 {"metadata":{"emulator":{"name":"functions"},"message":"[worker-~diagnostic~-f5a98884-cbdf-4422-8bff-37e98d9761fa]: Assigning socketPath: \\\\?\\pipe\\E:\\REACT-PROJECTS\\React-auth\\authentication\\functions\\32356"}}
[debug] [2021-04-24T05:32:47.015Z] [worker-~diagnostic~-f5a98884-cbdf-4422-8bff-37e98d9761fa]: BUSY {"metadata":{"emulator":{"name":"functions"},"message":"[worker-~diagnostic~-f5a98884-cbdf-4422-8bff-37e98d9761fa]: BUSY"}}
[debug] [2021-04-24T05:32:47.015Z] [worker-~diagnostic~-939291de-da89-4f98-a09a-27176089b93b]: exited {"metadata":{"emulator":{"name":"functions"},"message":"[worker-~diagnostic~-939291de-da89-4f98-a09a-27176089b93b]: exited"}}
[debug] [2021-04-24T05:32:47.015Z] [worker-~diagnostic~-939291de-da89-4f98-a09a-27176089b93b]: FINISHED {"metadata":{"emulator":{"name":"functions"},"message":"[worker-~diagnostic~-939291de-da89-4f98-a09a-27176089b93b]: FINISHED"}}
[debug] [2021-04-24T05:32:47.245Z] [runtime-status] [32356] Functions runtime initialized. {"cwd":"E:\\REACT-PROJECTS\\React-auth\\authentication\\functions","node_version":"14.15.3"} {"metadata":{"emulator":{"name":"functions"},"message":"[runtime-status] [32356] Functions runtime initialized. {\"cwd\":\"E:\\\\REACT-PROJECTS\\\\React-auth\\\\authentication\\\\functions\",\"node_version\":\"14.15.3\"}"}}
[debug] [2021-04-24T05:32:47.246Z] [runtime-status] [32356] Disabled runtime features: undefined {"metadata":{"emulator":{"name":"functions"},"message":"[runtime-status] [32356] Disabled runtime features: undefined"}}
[debug] [2021-04-24T05:32:47.249Z] [runtime-status] [32356] Resolved module firebase-admin {"declared":true,"installed":true,"version":"9.6.0","resolution":"E:\\REACT-PROJECTS\\React-auth\\authentication\\functions\\node_modules\\firebase-admin\\lib\\index.js"} {"metadata":{"emulator":{"name":"functions"},"message":"[runtime-status] [32356] Resolved module firebase-admin {\"declared\":true,\"installed\":true,\"version\":\"9.6.0\",\"resolution\":\"E:\\\\REACT-PROJECTS\\\\React-auth\\\\authentication\\\\functions\\\\node_modules\\\\firebase-admin\\\\lib\\\\index.js\"}"}}
[debug] [2021-04-24T05:32:47.250Z] [runtime-status] [32356] Resolved module firebase-functions {"declared":true,"installed":true,"version":"3.13.2","resolution":"E:\\REACT-PROJECTS\\React-auth\\authentication\\functions\\node_modules\\firebase-functions\\lib\\index.js"} {"metadata":{"emulator":{"name":"functions"},"message":"[runtime-status] [32356] Resolved module firebase-functions {\"declared\":true,\"installed\":true,\"version\":\"3.13.2\",\"resolution\":\"E:\\\\REACT-PROJECTS\\\\React-auth\\\\authentication\\\\functions\\\\node_modules\\\\firebase-functions\\\\lib\\\\index.js\"}"}}
[debug] [2021-04-24T05:32:47.252Z] [runtime-status] [32356] Resolved module firebase-functions {"declared":true,"installed":true,"version":"3.13.2","resolution":"E:\\REACT-PROJECTS\\React-auth\\authentication\\functions\\node_modules\\firebase-functions\\lib\\index.js"} {"metadata":{"emulator":{"name":"functions"},"message":"[runtime-status] [32356] Resolved module firebase-functions {\"declared\":true,\"installed\":true,\"version\":\"3.13.2\",\"resolution\":\"E:\\\\REACT-PROJECTS\\\\React-auth\\\\authentication\\\\functions\\\\node_modules\\\\firebase-functions\\\\lib\\\\index.js\"}"}}
[debug] [2021-04-24T05:32:47.254Z] [runtime-status] [32356] Outgoing network have been stubbed. [{"name":"http","status":"mocked"},{"name":"http","status":"mocked"},{"name":"https","status":"mocked"},{"name":"https","status":"mocked"},{"name":"net","status":"mocked"}] {"metadata":{"emulator":{"name":"functions"},"message":"[runtime-status] [32356] Outgoing network have been stubbed. [{\"name\":\"http\",\"status\":\"mocked\"},{\"name\":\"http\",\"status\":\"mocked\"},{\"name\":\"https\",\"status\":\"mocked\"},{\"name\":\"https\",\"status\":\"mocked\"},{\"name\":\"net\",\"status\":\"mocked\"}]"}}
[debug] [2021-04-24T05:32:47.255Z] [runtime-status] [32356] Resolved module firebase-functions {"declared":true,"installed":true,"version":"3.13.2","resolution":"E:\\REACT-PROJECTS\\React-auth\\authentication\\functions\\node_modules\\firebase-functions\\lib\\index.js"} {"metadata":{"emulator":{"name":"functions"},"message":"[runtime-status] [32356] Resolved module firebase-functions {\"declared\":true,\"installed\":true,\"version\":\"3.13.2\",\"resolution\":\"E:\\\\REACT-PROJECTS\\\\React-auth\\\\authentication\\\\functions\\\\node_modules\\\\firebase-functions\\\\lib\\\\index.js\"}"}}
[debug] [2021-04-24T05:32:47.302Z] [runtime-status] [32356] Checked functions.config() {"config":{}} {"metadata":{"emulator":{"name":"functions"},"message":"[runtime-status] [32356] Checked functions.config() {\"config\":{}}"}}
[debug] [2021-04-24T05:32:47.302Z] [runtime-status] [32356] firebase-functions has been stubbed. {"functionsResolution":{"declared":true,"installed":true,"version":"3.13.2","resolution":"E:\\REACT-PROJECTS\\React-auth\\authentication\\functions\\node_modules\\firebase-functions\\lib\\index.js"}} {"metadata":{"emulator":{"name":"functions"},"message":"[runtime-status] [32356] firebase-functions has been stubbed. {\"functionsResolution\":{\"declared\":true,\"installed\":true,\"version\":\"3.13.2\",\"resolution\":\"E:\\\\REACT-PROJECTS\\\\React-auth\\\\authentication\\\\functions\\\\node_modules\\\\firebase-functions\\\\lib\\\\index.js\"}}"}}
[debug] [2021-04-24T05:32:47.303Z] [runtime-status] [32356] Resolved module firebase-functions {"declared":true,"installed":true,"version":"3.13.2","resolution":"E:\\REACT-PROJECTS\\React-auth\\authentication\\functions\\node_modules\\firebase-functions\\lib\\index.js"} {"metadata":{"emulator":{"name":"functions"},"message":"[runtime-status] [32356] Resolved module firebase-functions {\"declared\":true,\"installed\":true,\"version\":\"3.13.2\",\"resolution\":\"E:\\\\REACT-PROJECTS\\\\React-auth\\\\authentication\\\\functions\\\\node_modules\\\\firebase-functions\\\\lib\\\\index.js\"}"}}
[debug] [2021-04-24T05:32:47.305Z] [runtime-status] [32356] Resolved module firebase-admin {"declared":true,"installed":true,"version":"9.6.0","resolution":"E:\\REACT-PROJECTS\\React-auth\\authentication\\functions\\node_modules\\firebase-admin\\lib\\index.js"} {"metadata":{"emulator":{"name":"functions"},"message":"[runtime-status] [32356] Resolved module firebase-admin {\"declared\":true,\"installed\":true,\"version\":\"9.6.0\",\"resolution\":\"E:\\\\REACT-PROJECTS\\\\React-auth\\\\authentication\\\\functions\\\\node_modules\\\\firebase-admin\\\\lib\\\\index.js\"}"}}
[debug] [2021-04-24T05:32:47.306Z] [runtime-status] [32356] Resolved module firebase-functions {"declared":true,"installed":true,"version":"3.13.2","resolution":"E:\\REACT-PROJECTS\\React-auth\\authentication\\functions\\node_modules\\firebase-functions\\lib\\index.js"} {"metadata":{"emulator":{"name":"functions"},"message":"[runtime-status] [32356] Resolved module firebase-functions {\"declared\":true,\"installed\":true,\"version\":\"3.13.2\",\"resolution\":\"E:\\\\REACT-PROJECTS\\\\React-auth\\\\authentication\\\\functions\\\\node_modules\\\\firebase-functions\\\\lib\\\\index.js\"}"}}
[debug] [2021-04-24T05:32:47.306Z] [runtime-status] [32356] firebase-admin has been stubbed. {"adminResolution":{"declared":true,"installed":true,"version":"9.6.0","resolution":"E:\\REACT-PROJECTS\\React-auth\\authentication\\functions\\node_modules\\firebase-admin\\lib\\index.js"}} {"metadata":{"emulator":{"name":"functions"},"message":"[runtime-status] [32356] firebase-admin has been stubbed. {\"adminResolution\":{\"declared\":true,\"installed\":true,\"version\":\"9.6.0\",\"resolution\":\"E:\\\\REACT-PROJECTS\\\\React-auth\\\\authentication\\\\functions\\\\node_modules\\\\firebase-admin\\\\lib\\\\index.js\"}}"}}
[debug] [2021-04-24T05:32:47.308Z] [runtime-status] [32356] initializeApp(DEFAULT) {"storageBucket":"auth-app-e4978.appspot.com","databaseURL":"https://auth-app-e4978.firebaseio.com","projectId":"auth-app-e4978"} {"metadata":{"emulator":{"name":"functions"},"message":"[runtime-status] [32356] initializeApp(DEFAULT) {\"storageBucket\":\"auth-app-e4978.appspot.com\",\"databaseURL\":\"https://auth-app-e4978.firebaseio.com\",\"projectId\":\"auth-app-e4978\"}"}}
[debug] [2021-04-24T05:32:47.310Z] [worker-~diagnostic~-f5a98884-cbdf-4422-8bff-37e98d9761fa]: IDLE {"metadata":{"emulator":{"name":"functions"},"message":"[worker-~diagnostic~-f5a98884-cbdf-4422-8bff-37e98d9761fa]: IDLE"}}
